Environment variables:
  - =C:=C:\Jenkins\workspace\testSonar\E2EClient
  - ALLUSERSPROFILE=C:\ProgramData
  - ANT_HOME=C:\Program Files (x86)\Jenkins\tools\Ant\Local_ANT
  - APPDATA=C:\Users\bhagyashree.r.g\AppData\Roaming
  - CATALINA_HOME=C:\ApacheSoftwareFoundation\Tomcat8.5
  - COMPUTERNAME=BDC4B-D-743SX52
  - ComSpec=C:\windows\system32\cmd.exe
  - CommonProgramFiles=C:\Program Files\Common Files
  - CommonProgramFiles(x86)=C:\Program Files (x86)\Common Files
  - CommonProgramW6432=C:\Program Files\Common Files
  - ERROR_CODE=0
  - FP_NO_HOST_CHECK=NO
  - HOME=C:\Program Files (x86)\Jenkins\tools\Ant\Local_ANT\bin
  - HOMEDRIVE=C:
  - HOMEPATH=\Users\bhagyashree.r.g
  - JAVA_EXEC="C:\Program Files\Java\jdk1.8.0_91\bin\java.exe"
  - JAVA_HOME=C:\Program Files\Java\jdk1.8.0_91
  - LOCALAPPDATA=C:\Users\bhagyashree.r.g\AppData\Local
  - LOGONSERVER=\\BG4DC3201
  - M2_HOME=C:\Program Files (x86)\apache-maven-3.5.0
  - MAVEN_HOME=C:\Program Files (x86)\apache-maven-3.5.0
  - NUMBER_OF_PROCESSORS=4
  - OS=Windows_NT
  - PATHEXT=.COM;.EXE;.BAT;.CMD;.VBS;.VBE;.JS;.JSE;.WSF;.WSH;.MSC
  - PROCESSOR_ARCHITECTURE=AMD64
  - PROCESSOR_IDENTIFIER=Intel64 Family 6 Model 60 Stepping 3, GenuineIntel
  - PROCESSOR_LEVEL=6
  - PROCESSOR_REVISION=3c03
  - PROJECT_HOME=C:\Jenkins\workspace\testSonar\E2EClient
  - PROMPT=$P$G
  - PSModulePath=C:\windows\system32\WindowsPowerShell\v1.0\Modules\
  - PUBLIC=C:\Users\Public
  - Path=C:\app\bhagyashree.r.g\product\11.2.0\client_2\bin;C:\app\bhagyashree.r.g\product\11.2.0\client_1\bin;C:\ProgramData\Oracle\Java\javapath;C:\windows\system32;C:\windows;C:\windows\System32\Wbem;C:\windows\System32\WindowsPowerShell\v1.0\;C:\Program Files\Java\jdk1.8.0_91\bin;C:\sonarqube\sonar-runner-2.4\bin;C:\windows\System32\WindowsPowerShell\v1.0\;C:\Program Files (x86)\Git\cmd;C:\Program Files (x86)\apache-maven-3.5.0\bin;C:\Program Files (x86)\Jenkins\tools\Ant\Local_ANT\bin
  - ProgramData=C:\ProgramData
  - ProgramFiles=C:\Program Files
  - ProgramFiles(x86)=C:\Program Files (x86)
  - ProgramW6432=C:\Program Files
  - SESSIONNAME=Console
  - SONAR_RUNNER_HOME=C:\sonarqube\sonar-runner-2.4
  - SYSDRIVE=%SYSTEMFOLDER%
  - SystemDrive=C:
  - SystemRoot=C:\windows
  - TEMP=C:\Users\BHAGYA~1.G\AppData\Local\Temp
  - TMP=C:\Users\BHAGYA~1.G\AppData\Local\Temp
  - UATDATA=C:\windows\CCM\UATData\D9F8C395-CAB8-491d-B8AC-179A1FE1BE77
  - USERDNSDOMAIN=DIR.SVC.ACCENTURE.COM
  - USERDOMAIN=DIR
  - USERNAME=bhagyashree.r.g
  - USERPROFILE=C:\Users\bhagyashree.r.g
  - windir=C:\windows
  - windows_tracing_flags=3
  - windows_tracing_logfile=C:\BVTBin\Tests\installpackage\csilogfile.log
System properties:
  - ROOT_LOGGER_LEVEL=DEBUG
  - awt.toolkit=sun.awt.windows.WToolkit
  - file.encoding=Cp1252
  - file.encoding.pkg=sun.io
  - file.separator=\
  - java.awt.graphicsenv=sun.awt.Win32GraphicsEnvironment
  - java.awt.printerjob=sun.awt.windows.WPrinterJob
  - java.class.path=C:\sonarqube\sonar-runner-2.4\lib\sonar-runner-dist-2.4.jar
  - java.class.version=52.0
  - java.endorsed.dirs=C:\Program Files\Java\jdk1.8.0_91\jre\lib\endorsed
  - java.ext.dirs=C:\Program Files\Java\jdk1.8.0_91\jre\lib\ext;C:\windows\Sun\Java\lib\ext
  - java.home=C:\Program Files\Java\jdk1.8.0_91\jre
  - java.io.tmpdir=C:\Users\BHAGYA~1.G\AppData\Local\Temp\
  - java.library.path=C:\Program Files\Java\jdk1.8.0_91\bin;C:\windows\Sun\Java\bin;C:\windows\system32;C:\windows;C:\app\bhagyashree.r.g\product\11.2.0\client_2\bin;C:\app\bhagyashree.r.g\product\11.2.0\client_1\bin;C:\ProgramData\Oracle\Java\javapath;C:\windows\system32;C:\windows;C:\windows\System32\Wbem;C:\windows\System32\WindowsPowerShell\v1.0\;C:\Program Files\Java\jdk1.8.0_91\bin;C:\sonarqube\sonar-runner-2.4\bin;C:\windows\System32\WindowsPowerShell\v1.0\;C:\Program Files (x86)\Git\cmd;C:\Program Files (x86)\apache-maven-3.5.0\bin;C:\Program Files (x86)\Jenkins\tools\Ant\Local_ANT\bin;.
  - java.runtime.name=Java(TM) SE Runtime Environment
  - java.runtime.version=1.8.0_91-b15
  - java.specification.name=Java Platform API Specification
  - java.specification.vendor=Oracle Corporation
  - java.specification.version=1.8
  - java.vendor=Oracle Corporation
  - java.vendor.url=http://java.oracle.com/
  - java.vendor.url.bug=http://bugreport.sun.com/bugreport/
  - java.version=1.8.0_91
  - java.vm.info=mixed mode
  - java.vm.name=Java HotSpot(TM) 64-Bit Server VM
  - java.vm.specification.name=Java Virtual Machine Specification
  - java.vm.specification.vendor=Oracle Corporation
  - java.vm.specification.version=1.8
  - java.vm.vendor=Oracle Corporation
  - java.vm.version=25.91-b15
  - line.separator=

  - os.arch=amd64
  - os.name=Windows 7
  - os.version=6.1
  - path.separator=;
  - project.home=C:\Jenkins\workspace\testSonar\E2EClient
  - runner.home=C:\sonarqube\sonar-runner-2.4
  - sun.arch.data.model=64
  - sun.boot.class.path=C:\Program Files\Java\jdk1.8.0_91\jre\lib\resources.jar;C:\Program Files\Java\jdk1.8.0_91\jre\lib\rt.jar;C:\Program Files\Java\jdk1.8.0_91\jre\lib\sunrsasign.jar;C:\Program Files\Java\jdk1.8.0_91\jre\lib\jsse.jar;C:\Program Files\Java\jdk1.8.0_91\jre\lib\jce.jar;C:\Program Files\Java\jdk1.8.0_91\jre\lib\charsets.jar;C:\Program Files\Java\jdk1.8.0_91\jre\lib\jfr.jar;C:\Program Files\Java\jdk1.8.0_91\jre\classes
  - sun.boot.library.path=C:\Program Files\Java\jdk1.8.0_91\jre\bin
  - sun.cpu.endian=little
  - sun.cpu.isalist=amd64
  - sun.desktop=windows
  - sun.io.unicode.encoding=UnicodeLittle
  - sun.java.command=org.sonar.runner.Main -X
  - sun.java.launcher=SUN_STANDARD
  - sun.jnu.encoding=Cp1252
  - sun.management.compiler=HotSpot 64-Bit Tiered Compilers
  - sun.os.patch.level=Service Pack 1
  - sun.stderr.encoding=cp437
  - sun.stdout.encoding=cp437
  - user.country=US
  - user.dir=C:\Jenkins\workspace\testSonar\E2EClient
  - user.home=C:\Users\bhagyashree.r.g
  - user.language=en
  - user.name=bhagyashree.r.g
  - user.script=
  - user.timezone=Asia/Calcutta
  - user.variant=
SonarQube plugins:
  - C# 5.10.1.1411 (csharp)
  - SonarPython 1.8.0.1496 (python)
  - SonarJava 4.12.0.11033 (java)
  - Flex 2.3 (flex)
  - Git 1.2 (scmgit)
  - SonarXML 1.4.3.1027 (xml)
  - SonarPHP 2.10.0.2087 (php)
  - SVN 1.5.0.715 (scmsvn)
  - SonarJS 3.1.1.5128 (javascript)
Global properties:
  - sonar.core.id=AV8A0eSbiFhg3o-o6bRV
  - sonar.core.startTime=2017-10-10T16:33:28+0530
Settings for module: my:project
  - sonar.host.url=http://localhost:9000
  - sonar.projectBaseDir=C:\Jenkins\workspace\testSonar\E2EClient\.
  - sonar.projectKey=my:project
  - sonar.projectName=E2EClient
  - sonar.projectVersion=1.0
  - sonar.sourceEncoding=windows-1252
  - sonar.sources=.
  - sonar.verbose=true
  - sonar.working.directory=C:\Jenkins\workspace\testSonar\E2EClient\.\.sonar
